<?xml version="1.0" encoding="UTF-8"?>
<!-- Generated by org.testng.reporters.JUnitReportReporter -->
<testsuite name="com.hybridFramework.loginPage.LoginTest" tests="1" time="14.250" ignored="0" failures="0" timestamp="23 Jul 2019 11:08:25 GMT" skipped="0" hostname="PIL-PC-1048" errors="0">
  <testcase name="testLoginToApplication" time="14.250" classname="com.hybridFramework.loginPage.LoginTest"/>
</testsuite> <!-- com.hybridFramework.loginPage.LoginTest -->
