<?xml version="1.0" encoding="UTF-8"?>
<!-- Generated by org.testng.reporters.JUnitReportReporter -->
<testsuite name="com.hybridFramework.homepage.TestDaataDrivenScript1" tests="3" time="0.007" ignored="8" failures="0" timestamp="05 Jul 2019 12:15:26 GMT" skipped="3" hostname="PIL-PC-1048" errors="0">
  <testcase name="testLogin" time="0.002" classname="com.hybridFramework.homepage.TestDaataDrivenScript1">
    <skipped/>
  </testcase> <!-- testLogin -->
  <testcase name="testLogin" time="0.002" classname="com.hybridFramework.homepage.TestDaataDrivenScript1">
    <skipped/>
  </testcase> <!-- testLogin -->
  <testcase name="testLogin" time="0.003" classname="com.hybridFramework.homepage.TestDaataDrivenScript1">
    <skipped/>
  </testcase> <!-- testLogin -->
  <testcase name="launchBrowser" classname="com.hybridFramework.testBase.TestBase">
    <skipped/>
  </testcase> <!-- launchBrowser -->
  <testcase name="launchBrowser" classname="com.hybridFramework.testBase.TestBase">
    <skipped/>
  </testcase> <!-- launchBrowser -->
  <testcase name="launchBrowser" classname="com.hybridFramework.testBase.TestBase">
    <skipped/>
  </testcase> <!-- launchBrowser -->
  <testcase name="launchBrowser" classname="com.hybridFramework.testBase.TestBase">
    <skipped/>
  </testcase> <!-- launchBrowser -->
  <testcase name="launchBrowser" classname="com.hybridFramework.testBase.TestBase">
    <skipped/>
  </testcase> <!-- launchBrowser -->
  <testcase name="launchBrowser" classname="com.hybridFramework.testBase.TestBase">
    <skipped/>
  </testcase> <!-- launchBrowser -->
  <testcase name="launchBrowser" classname="com.hybridFramework.testBase.TestBase">
    <skipped/>
  </testcase> <!-- launchBrowser -->
  <testcase name="launchBrowser" classname="com.hybridFramework.testBase.TestBase">
    <skipped/>
  </testcase> <!-- launchBrowser -->
</testsuite> <!-- com.hybridFramework.homepage.TestDaataDrivenScript1 -->
