<?xml version="1.0" encoding="UTF-8"?>
<!-- Generated by org.testng.reporters.JUnitReportReporter -->
<testsuite name="com.hybridFramework.homepage.TestDaataDrivenScript1" tests="3" time="0.015" ignored="7" failures="0" timestamp="06 Dec 2019 11:16:01 GMT" skipped="3" hostname="PIL-PC-1048" errors="0">
  <testcase name="testLogin" time="0.000" classname="com.hybridFramework.homepage.TestDaataDrivenScript1">
    <skipped/>
  </testcase> <!-- testLogin -->
  <testcase name="testLogin" time="0.015" classname="com.hybridFramework.homepage.TestDaataDrivenScript1">
    <skipped/>
  </testcase> <!-- testLogin -->
  <testcase name="testLogin" time="0.000" classname="com.hybridFramework.homepage.TestDaataDrivenScript1">
    <skipped/>
  </testcase> <!-- testLogin -->
  <testcase name="launchBrowser" classname="com.hybridFramework.testBase.TestBase">
    <skipped/>
  </testcase> <!-- launchBrowser -->
  <testcase name="launchBrowser" classname="com.hybridFramework.testBase.TestBase">
    <skipped/>
  </testcase> <!-- launchBrowser -->
  <testcase name="launchBrowser" classname="com.hybridFramework.testBase.TestBase">
    <skipped/>
  </testcase> <!-- launchBrowser -->
  <testcase name="launchBrowser" classname="com.hybridFramework.testBase.TestBase">
    <skipped/>
  </testcase> <!-- launchBrowser -->
  <testcase name="launchBrowser" classname="com.hybridFramework.testBase.TestBase">
    <skipped/>
  </testcase> <!-- launchBrowser -->
  <testcase name="launchBrowser" classname="com.hybridFramework.testBase.TestBase">
    <skipped/>
  </testcase> <!-- launchBrowser -->
  <testcase name="launchBrowser" classname="com.hybridFramework.testBase.TestBase">
    <skipped/>
  </testcase> <!-- launchBrowser -->
</testsuite> <!-- com.hybridFramework.homepage.TestDaataDrivenScript1 -->
