<?xml version="1.0" encoding="UTF-8"?>
<!-- Generated by org.testng.reporters.JUnitReportReporter -->
<testsuite name="com.hybridFramework.loginPage.LoginTest" tests="1" time="12.013" ignored="1" failures="0" timestamp="10 Dec 2019 11:34:30 GMT" skipped="0" hostname="PIL-PC-1048" errors="0">
  <testcase name="testLoginToApplication" time="12.013" classname="com.hybridFramework.loginPage.LoginTest"/>
  <testcase name="launchBrowser" classname="com.hybridFramework.testBase.TestBase">
    <skipped/>
  </testcase> <!-- launchBrowser -->
</testsuite> <!-- com.hybridFramework.loginPage.LoginTest -->
